<?xml version="1.0" encoding="UTF-8"?>
<!-- Generated by org.testng.reporters.JUnitReportReporter -->
<testsuite skipped="0" hostname="KHI-Areesha-Altaf-EMAC-V" name="testCases.HomePageTests" tests="6" failures="0" timestamp="2024-09-15T00:52:08 EDT" time="6.465" errors="0">
  <testcase name="runTest3" time="0.204" classname="testCases.HomePageTests"/>
  <system-out/>
  <testcase name="runTest1" time="1.644" classname="testCases.HomePageTests"/>
  <system-out/>
  <testcase name="runTest4" time="0.071" classname="testCases.HomePageTests"/>
  <system-out/>
  <testcase name="runTest2" time="0.214" classname="testCases.HomePageTests"/>
  <system-out/>
  <testcase name="runTest6" time="0.032" classname="testCases.HomePageTests"/>
  <system-out/>
  <testcase name="runTest5" time="4.300" classname="testCases.HomePageTests"/>
  <system-out/>
</testsuite> <!-- testCases.HomePageTests -->
