<?xml version="1.0" encoding="UTF-8"?>
<!-- Generated by org.testng.reporters.JUnitReportReporter -->
<testsuite skipped="0" hostname="KHI-Areesha-Altaf-EMAC-V" name="testCases.HomePageTests" tests="6" failures="0" timestamp="2024-09-15T01:13:02 EDT" time="8.455" errors="0">
  <testcase name="runTest4" time="0.106" classname="testCases.HomePageTests"/>
  <system-out/>
  <testcase name="runTest1" time="1.832" classname="testCases.HomePageTests"/>
  <system-out/>
  <testcase name="runTest3" time="0.321" classname="testCases.HomePageTests"/>
  <system-out/>
  <testcase name="runTest6" time="0.042" classname="testCases.HomePageTests"/>
  <system-out/>
  <testcase name="runTest2" time="0.626" classname="testCases.HomePageTests"/>
  <system-out/>
  <testcase name="runTest5" time="5.528" classname="testCases.HomePageTests"/>
  <system-out/>
</testsuite> <!-- testCases.HomePageTests -->
