<?xml version="1.0" encoding="UTF-8"?>
<!-- Generated by org.testng.reporters.JUnitReportReporter -->
<testsuite skipped="0" hostname="KHI-Areesha-Altaf-EMAC-V" name="testCases.AddPropertyTests" tests="7" failures="0" timestamp="2025-01-05T22:14:48 MST" time="8.734" errors="0">
  <testcase name="performLogin" time="1.117" classname="testCases.AddPropertyTests"/>
  <system-out/>
  <testcase name="verifyPropertyCancel" time="0.897" classname="testCases.AddPropertyTests"/>
  <system-out/>
  <testcase name="verifyAddProperty" time="0.802" classname="testCases.AddPropertyTests"/>
  <system-out/>
  <testcase name="verifyNewPropertyCreated" time="0.567" classname="testCases.AddPropertyTests"/>
  <system-out/>
  <testcase name="verifyEditProperty" time="4.532" classname="testCases.AddPropertyTests"/>
  <system-out/>
  <testcase name="verifyDeleteProperty" time="0.600" classname="testCases.AddPropertyTests"/>
  <system-out/>
  <testcase name="verifyLogout" time="0.219" classname="testCases.AddPropertyTests"/>
  <system-out/>
</testsuite> <!-- testCases.AddPropertyTests -->
